[2022-07-25 22:19:09,634] multiqc                                            [DEBUG  ]  This is MultiQC v1.11
[2022-07-25 22:19:09,634] multiqc                                            [DEBUG  ]  No MultiQC config found: /home/chengxin/anaconda3/envs/nf-core-proteomicstmt-1.0dev/lib/python3.8/site-packages/multiqc-1.11-py3.8.egg/multiqc_config.yaml
[2022-07-25 22:19:09,634] multiqc                                            [DEBUG  ]  No MultiQC config found: /home/chengxin/.multiqc_config.yaml
[2022-07-25 22:19:09,634] multiqc                                            [DEBUG  ]  No MultiQC config found: multiqc_config.yaml
[2022-07-25 22:19:09,636] multiqc                                            [DEBUG  ]  Loading config settings from: /home/chengxin/pmultiqctest/test_lfq/results/results_lfq/multiqc_config.yml
[2022-07-25 22:19:09,636] multiqc                                            [DEBUG  ]  New config 'report_comment': This report has been generated by the <a href="https://github.com/nf-core/quantms" target="_blank">nf-core/quantms</a> analysis pipeline. For information about how to interpret these results, please see the <a href="https://nf-co.re/quantms" target="_blank">documentation</a>.

[2022-07-25 22:19:09,636] multiqc                                            [DEBUG  ]  New config 'report_section_order': {'pmultiqc': {'order': 1}, 'software_versions': {'order': -1001}, 'nf-core-quantms-summary': {'order': -1002}}
[2022-07-25 22:19:09,636] multiqc                                            [DEBUG  ]  New config 'thousandsSep_format': 
[2022-07-25 22:19:09,636] multiqc                                            [DEBUG  ]  New config 'export_plots': True
[2022-07-25 22:19:09,636] multiqc                                            [ERROR  ]  Config 'custom_logo' path not found, skipping (./nf-core-quantms_logo_light.png)
[2022-07-25 22:19:09,636] multiqc                                            [DEBUG  ]  New config 'custom_logo_url': https://github.com/bigbio/quantms
[2022-07-25 22:19:09,636] multiqc                                            [DEBUG  ]  New config 'custom_logo_title': quantms
[2022-07-25 22:19:09,636] multiqc                                            [DEBUG  ]  Added to filename patterns: {'quantms/exp_design': {'fn': '*_design.tsv'}}
[2022-07-25 22:19:09,636] multiqc                                            [DEBUG  ]  Command used: /home/chengxin/anaconda3/envs/nf-core-proteomicstmt-1.0dev/bin/multiqc /home/chengxin/pmultiqctest/test_spectrum_count/ --config /home/chengxin/pmultiqctest/test_lfq/results/results_lfq/multiqc_config.yml --force
[2022-07-25 22:19:13,295] multiqc                                            [WARNING]  MultiQC Version v1.12 now available!
[2022-07-25 22:19:13,295] multiqc                                            [DEBUG  ]  Command     : /home/chengxin/anaconda3/envs/nf-core-proteomicstmt-1.0dev/bin/multiqc /home/chengxin/pmultiqctest/test_spectrum_count/ --config /home/chengxin/pmultiqctest/test_lfq/results/results_lfq/multiqc_config.yml --force
[2022-07-25 22:19:13,296] multiqc                                            [DEBUG  ]  Working dir : /home/chengxin/newPR/pmultiqc
[2022-07-25 22:19:13,296] multiqc                                            [DEBUG  ]  Template    : default
[2022-07-25 22:19:13,296] multiqc                                            [DEBUG  ]  Running Python 3.8.5 (default, Sep  4 2020, 07:30:14)  [GCC 7.3.0]
[2022-07-25 22:19:13,297] multiqc                                            [DEBUG  ]  Analysing modules: quantms, custom_content, ccs, ngsderive, purple, conpair, lima, peddy, somalier, methylQA, mosdepth, phantompeakqualtools, qualimap, preseq, quast, qorts, rna_seqc, rockhopper, rsem, rseqc, busco, bustools, goleft_indexcov, gffcompare, disambiguate, supernova, deeptools, sargasso, verifybamid, mirtrace, happy, mirtop, sambamba, homer, hops, macs2, theta2, snpeff, gatk, htseq, bcftools, featureCounts, fgbio, dragen, dedup, damageprofiler, biobambam2, jcvi, mtnucratio, picard, vep, sentieon, prokka, qc3C, nanostat, samblaster, samtools, sexdeterrmine, eigenstratdatabasetools, bamtools, jellyfish, vcftools, longranger, stacks, varscan2, snippy, bbmap, bismark, biscuit, hicexplorer, hicup, hicpro, salmon, kallisto, slamdunk, star, hisat2, tophat, bowtie2, bowtie1, snpsplit, odgi, pangolin, kat, leehom, adapterRemoval, clipandmerge, cutadapt, flexbar, kaiju, kraken, malt, trimmomatic, sickle, skewer, sortmerna, biobloomtools, fastq_screen, afterqc, fastp, fastqc, pychopper, pycoqc, minionqc, multivcfanalyzer, clusterflow, bcl2fastq, bclconvert, interop, ivar, flash, seqyclean, optitype
[2022-07-25 22:19:13,297] multiqc                                            [DEBUG  ]  Using temporary directory for creating report: /tmp/tmpmw97s4h7
[2022-07-25 22:19:13,299] multiqc                                            [INFO   ]  Search path : /home/chengxin/pmultiqctest/test_spectrum_count
[2022-07-25 22:19:13,320] multiqc                                            [DEBUG  ]  Ignored 1 search patterns as didn't match running modules.
[2022-07-25 22:19:13,649] multiqc.plots.bargraph                             [DEBUG  ]  Using matplotlib version 3.4.3
[2022-07-25 22:19:13,649] multiqc.plots.linegraph                            [DEBUG  ]  Using matplotlib version 3.4.3
[2022-07-25 22:19:18,893] multiqc.modules.custom_content.custom_content      [INFO   ]  software_versions: Found 1 sample (html)
[2022-07-25 22:19:18,893] multiqc.modules.custom_content.custom_content      [INFO   ]  nf-core-quantms-summary: Found 1 sample (html)
[2022-07-25 22:19:18,895] multiqc                                            [DEBUG  ]  No samples found: ccs
[2022-07-25 22:19:18,898] multiqc                                            [DEBUG  ]  No samples found: ngsderive
[2022-07-25 22:19:18,900] multiqc                                            [DEBUG  ]  No samples found: purple
[2022-07-25 22:19:18,903] multiqc                                            [DEBUG  ]  No samples found: conpair
[2022-07-25 22:19:18,906] multiqc                                            [DEBUG  ]  No samples found: lima
[2022-07-25 22:19:18,908] multiqc                                            [DEBUG  ]  No samples found: peddy
[2022-07-25 22:19:18,911] multiqc                                            [DEBUG  ]  No samples found: somalier
[2022-07-25 22:19:18,913] multiqc                                            [DEBUG  ]  No samples found: methylQA
[2022-07-25 22:19:18,916] multiqc.modules.mosdepth.mosdepth                  [DEBUG  ]  include_contigs: []
[2022-07-25 22:19:18,916] multiqc.modules.mosdepth.mosdepth                  [DEBUG  ]  exclude_contigs: []
[2022-07-25 22:19:18,916] multiqc                                            [DEBUG  ]  No samples found: mosdepth
[2022-07-25 22:19:18,919] multiqc                                            [DEBUG  ]  No samples found: phantompeakqualtools
[2022-07-25 22:19:18,921] multiqc                                            [DEBUG  ]  No samples found: qualimap
[2022-07-25 22:19:18,923] multiqc                                            [DEBUG  ]  No samples found: preseq
[2022-07-25 22:19:18,926] multiqc                                            [DEBUG  ]  No samples found: quast
[2022-07-25 22:19:18,928] multiqc                                            [DEBUG  ]  No samples found: qorts
[2022-07-25 22:19:18,931] multiqc                                            [DEBUG  ]  No samples found: rna_seqc
[2022-07-25 22:19:18,933] multiqc                                            [DEBUG  ]  No samples found: rockhopper
[2022-07-25 22:19:18,935] multiqc                                            [DEBUG  ]  No samples found: rsem
[2022-07-25 22:19:18,939] multiqc                                            [DEBUG  ]  No samples found: rseqc
[2022-07-25 22:19:18,941] multiqc                                            [DEBUG  ]  No samples found: busco
[2022-07-25 22:19:18,944] multiqc                                            [DEBUG  ]  No samples found: bustools
[2022-07-25 22:19:18,946] multiqc                                            [DEBUG  ]  No samples found: goleft_indexcov
[2022-07-25 22:19:18,949] multiqc                                            [DEBUG  ]  No samples found: gffcompare
[2022-07-25 22:19:18,951] multiqc                                            [DEBUG  ]  No samples found: disambiguate
[2022-07-25 22:19:18,954] multiqc                                            [DEBUG  ]  No samples found: supernova
[2022-07-25 22:19:18,958] multiqc                                            [DEBUG  ]  No samples found: deeptools
[2022-07-25 22:19:18,960] multiqc                                            [DEBUG  ]  No samples found: sargasso
[2022-07-25 22:19:18,962] multiqc                                            [DEBUG  ]  No samples found: verifybamid
[2022-07-25 22:19:18,965] multiqc                                            [DEBUG  ]  No samples found: mirtrace
[2022-07-25 22:19:18,967] multiqc                                            [DEBUG  ]  No samples found: happy
[2022-07-25 22:19:18,969] multiqc                                            [DEBUG  ]  No samples found: mirtop
[2022-07-25 22:19:18,972] multiqc                                            [DEBUG  ]  No samples found: sambamba
[2022-07-25 22:19:18,975] multiqc                                            [DEBUG  ]  No samples found: homer
[2022-07-25 22:19:18,977] multiqc                                            [DEBUG  ]  No samples found: hops
[2022-07-25 22:19:18,980] multiqc                                            [DEBUG  ]  No samples found: macs2
[2022-07-25 22:19:18,982] multiqc                                            [DEBUG  ]  No samples found: theta2
[2022-07-25 22:19:18,984] multiqc                                            [DEBUG  ]  No samples found: snpeff
[2022-07-25 22:19:18,987] multiqc                                            [DEBUG  ]  No samples found: gatk
[2022-07-25 22:19:18,990] multiqc                                            [DEBUG  ]  No samples found: htseq
[2022-07-25 22:19:18,992] multiqc                                            [DEBUG  ]  No samples found: bcftools
[2022-07-25 22:19:18,994] multiqc                                            [DEBUG  ]  No samples found: featureCounts
[2022-07-25 22:19:18,997] multiqc                                            [DEBUG  ]  No samples found: fgbio
[2022-07-25 22:19:19,001] multiqc                                            [DEBUG  ]  No samples found: dragen
[2022-07-25 22:19:19,004] multiqc                                            [DEBUG  ]  No samples found: dedup
[2022-07-25 22:19:19,006] multiqc                                            [DEBUG  ]  No samples found: damageprofiler
[2022-07-25 22:19:19,013] multiqc                                            [DEBUG  ]  No samples found: biobambam2
[2022-07-25 22:19:19,015] multiqc                                            [DEBUG  ]  No samples found: jcvi
[2022-07-25 22:19:19,017] multiqc                                            [DEBUG  ]  No samples found: mtnucratio
[2022-07-25 22:19:19,019] multiqc                                            [DEBUG  ]  No samples found: picard
[2022-07-25 22:19:19,022] multiqc                                            [DEBUG  ]  No samples found: vep
[2022-07-25 22:19:19,024] multiqc                                            [DEBUG  ]  No samples found: sentieon
[2022-07-25 22:19:19,027] multiqc                                            [DEBUG  ]  No samples found: prokka
[2022-07-25 22:19:19,029] multiqc                                            [DEBUG  ]  No samples found: qc3C
[2022-07-25 22:19:19,031] multiqc                                            [DEBUG  ]  No samples found: nanostat
[2022-07-25 22:19:19,033] multiqc                                            [DEBUG  ]  No samples found: samblaster
[2022-07-25 22:19:19,036] multiqc                                            [DEBUG  ]  No samples found: samtools
[2022-07-25 22:19:19,039] multiqc                                            [DEBUG  ]  No samples found: sexdeterrmine
[2022-07-25 22:19:19,042] multiqc                                            [DEBUG  ]  No samples found: eigenstratdatabasetools
[2022-07-25 22:19:19,044] multiqc                                            [DEBUG  ]  No samples found: bamtools
[2022-07-25 22:19:19,047] multiqc                                            [DEBUG  ]  No samples found: jellyfish
[2022-07-25 22:19:19,049] multiqc                                            [DEBUG  ]  No samples found: vcftools
[2022-07-25 22:19:19,051] multiqc                                            [DEBUG  ]  No samples found: longranger
[2022-07-25 22:19:19,054] multiqc                                            [DEBUG  ]  No samples found: stacks
[2022-07-25 22:19:19,057] multiqc                                            [DEBUG  ]  No samples found: varscan2
[2022-07-25 22:19:19,059] multiqc                                            [DEBUG  ]  No samples found: snippy
[2022-07-25 22:19:19,063] multiqc                                            [DEBUG  ]  No samples found: bbmap
[2022-07-25 22:19:19,065] multiqc                                            [DEBUG  ]  No samples found: bismark
[2022-07-25 22:19:19,067] multiqc                                            [DEBUG  ]  No samples found: biscuit
[2022-07-25 22:19:19,070] multiqc                                            [DEBUG  ]  No samples found: hicexplorer
[2022-07-25 22:19:19,074] multiqc                                            [DEBUG  ]  No samples found: hicup
[2022-07-25 22:19:19,076] multiqc                                            [DEBUG  ]  No samples found: hicpro
[2022-07-25 22:19:19,078] multiqc                                            [DEBUG  ]  No samples found: salmon
[2022-07-25 22:19:19,081] multiqc                                            [DEBUG  ]  No samples found: kallisto
[2022-07-25 22:19:19,083] multiqc                                            [DEBUG  ]  No samples found: slamdunk
[2022-07-25 22:19:19,085] multiqc                                            [DEBUG  ]  No samples found: star
[2022-07-25 22:19:19,088] multiqc                                            [DEBUG  ]  No samples found: hisat2
[2022-07-25 22:19:19,090] multiqc                                            [DEBUG  ]  No samples found: tophat
[2022-07-25 22:19:19,092] multiqc                                            [DEBUG  ]  No samples found: bowtie2
[2022-07-25 22:19:19,094] multiqc                                            [DEBUG  ]  No samples found: bowtie1
[2022-07-25 22:19:19,097] multiqc                                            [DEBUG  ]  No samples found: snpsplit
[2022-07-25 22:19:19,099] multiqc                                            [DEBUG  ]  No samples found: odgi
[2022-07-25 22:19:19,101] multiqc                                            [DEBUG  ]  No samples found: pangolin
[2022-07-25 22:19:19,104] multiqc                                            [DEBUG  ]  No samples found: kat
[2022-07-25 22:19:19,106] multiqc                                            [DEBUG  ]  No samples found: leehom
[2022-07-25 22:19:19,109] multiqc                                            [DEBUG  ]  No samples found: adapterRemoval
[2022-07-25 22:19:19,111] multiqc                                            [DEBUG  ]  No samples found: clipandmerge
[2022-07-25 22:19:19,113] multiqc                                            [DEBUG  ]  No samples found: cutadapt
[2022-07-25 22:19:19,116] multiqc                                            [DEBUG  ]  No samples found: flexbar
[2022-07-25 22:19:19,118] multiqc                                            [DEBUG  ]  No samples found: kaiju
[2022-07-25 22:19:19,121] multiqc                                            [DEBUG  ]  No samples found: kraken
[2022-07-25 22:19:19,123] multiqc                                            [DEBUG  ]  No samples found: malt
[2022-07-25 22:19:19,125] multiqc                                            [DEBUG  ]  No samples found: trimmomatic
[2022-07-25 22:19:19,128] multiqc                                            [DEBUG  ]  No samples found: sickle
[2022-07-25 22:19:19,130] multiqc                                            [DEBUG  ]  No samples found: skewer
[2022-07-25 22:19:19,133] multiqc                                            [DEBUG  ]  No samples found: sortmerna
[2022-07-25 22:19:19,135] multiqc                                            [DEBUG  ]  No samples found: biobloomtools
[2022-07-25 22:19:19,138] multiqc                                            [DEBUG  ]  No samples found: fastq_screen
[2022-07-25 22:19:19,140] multiqc                                            [DEBUG  ]  No samples found: afterqc
[2022-07-25 22:19:19,143] multiqc                                            [DEBUG  ]  No samples found: fastp
[2022-07-25 22:19:19,145] multiqc                                            [DEBUG  ]  No samples found: fastqc
[2022-07-25 22:19:19,147] multiqc                                            [DEBUG  ]  No samples found: pychopper
[2022-07-25 22:19:19,149] multiqc                                            [DEBUG  ]  No samples found: pycoqc
[2022-07-25 22:19:19,151] multiqc                                            [DEBUG  ]  No samples found: minionqc
[2022-07-25 22:19:19,154] multiqc                                            [DEBUG  ]  No samples found: multivcfanalyzer
[2022-07-25 22:19:19,156] multiqc                                            [DEBUG  ]  No samples found: clusterflow
[2022-07-25 22:19:19,159] multiqc                                            [DEBUG  ]  No samples found: bcl2fastq
[2022-07-25 22:19:19,161] multiqc                                            [DEBUG  ]  No samples found: bclconvert
[2022-07-25 22:19:19,164] multiqc                                            [DEBUG  ]  No samples found: interop
[2022-07-25 22:19:19,167] multiqc                                            [DEBUG  ]  No samples found: ivar
[2022-07-25 22:19:19,169] multiqc                                            [DEBUG  ]  No samples found: flash
[2022-07-25 22:19:19,171] multiqc                                            [DEBUG  ]  No samples found: seqyclean
[2022-07-25 22:19:19,174] multiqc                                            [DEBUG  ]  No samples found: optitype
[2022-07-25 22:19:19,174] multiqc                                            [DEBUG  ]  Reordering sections: anchor 'pmultiqc' not found for module 'pmultiqc'.
[2022-07-25 22:19:19,174] multiqc                                            [DEBUG  ]  Reordering sections: anchor 'software_versions' not found for module 'pmultiqc'.
[2022-07-25 22:19:19,174] multiqc                                            [DEBUG  ]  Reordering sections: anchor 'nf-core-quantms-summary' not found for module 'pmultiqc'.
[2022-07-25 22:19:19,175] multiqc                                            [DEBUG  ]  Reordering sections: anchor 'pmultiqc' not found for module 'nf-core/quantms Software Versions'.
[2022-07-25 22:19:19,175] multiqc                                            [DEBUG  ]  Reordering sections: anchor 'software_versions' not found for module 'nf-core/quantms Software Versions'.
[2022-07-25 22:19:19,175] multiqc                                            [DEBUG  ]  Reordering sections: anchor 'nf-core-quantms-summary' not found for module 'nf-core/quantms Software Versions'.
[2022-07-25 22:19:19,175] multiqc                                            [DEBUG  ]  Reordering sections: anchor 'pmultiqc' not found for module 'nf-core/quantms Workflow Summary'.
[2022-07-25 22:19:19,175] multiqc                                            [DEBUG  ]  Reordering sections: anchor 'software_versions' not found for module 'nf-core/quantms Workflow Summary'.
[2022-07-25 22:19:19,175] multiqc                                            [DEBUG  ]  Reordering sections: anchor 'nf-core-quantms-summary' not found for module 'nf-core/quantms Workflow Summary'.
[2022-07-25 22:19:19,175] multiqc                                            [INFO   ]  Compressing plot data
[2022-07-25 22:19:19,214] multiqc                                            [WARNING]  Deleting    : multiqc_report.html   (-f was specified)
[2022-07-25 22:19:19,214] multiqc                                            [WARNING]  Deleting    : multiqc_data   (-f was specified)
[2022-07-25 22:19:19,215] multiqc                                            [WARNING]  Deleting    : multiqc_plots   (-f was specified)
[2022-07-25 22:19:19,215] multiqc                                            [INFO   ]  Report      : multiqc_report.html
[2022-07-25 22:19:19,216] multiqc                                            [INFO   ]  Data        : multiqc_data
[2022-07-25 22:19:19,216] multiqc                                            [DEBUG  ]  Moving data file from '/tmp/tmpmw97s4h7/multiqc_data' to '/home/chengxin/newPR/pmultiqc/multiqc_data'
[2022-07-25 22:19:19,217] multiqc                                            [INFO   ]  Plots       : multiqc_plots
[2022-07-25 22:19:19,217] multiqc                                            [DEBUG  ]  Moving plots directory from '/tmp/tmpmw97s4h7/multiqc_plots' to '/home/chengxin/newPR/pmultiqc/multiqc_plots'
[2022-07-25 22:19:19,295] multiqc                                            [INFO   ]  MultiQC complete
